TN:
SF:src\app.js
FN:22,(anonymous_0)
FN:27,(anonymous_1)
FNF:2
FNH:1
FNDA:1,(anonymous_0)
FNDA:0,(anonymous_1)
DA:1,6
DA:2,6
DA:3,6
DA:4,6
DA:6,6
DA:9,6
DA:10,6
DA:11,6
DA:12,6
DA:15,6
DA:16,6
DA:17,6
DA:18,6
DA:19,6
DA:22,6
DA:23,1
DA:27,6
DA:28,0
DA:29,0
DA:36,6
LF:20
LH:18
BRDA:32,0,0,0
BRDA:32,0,1,0
BRF:2
BRH:0
end_of_record
TN:
SF:src\config\database.js
FN:25,(anonymous_0)
FNF:1
FNH:0
FNDA:0,(anonymous_0)
DA:1,6
DA:2,6
DA:4,6
DA:25,6
DA:26,0
DA:27,0
DA:28,0
DA:30,0
DA:31,0
DA:35,6
LF:10
LH:5
BRDA:10,0,0,6
BRDA:10,0,1,0
BRDA:11,1,0,6
BRDA:11,1,1,0
BRDA:17,2,0,6
BRDA:17,2,1,0
BRDA:18,3,0,6
BRDA:18,3,1,6
BRDA:19,4,0,6
BRDA:19,4,1,0
BRDA:20,5,0,6
BRDA:20,5,1,0
BRF:12
BRH:7
end_of_record
TN:
SF:src\controllers\airportController.js
FN:3,(anonymous_0)
FN:12,(anonymous_1)
FNF:2
FNH:2
FNDA:1,(anonymous_0)
FNDA:2,(anonymous_1)
DA:1,6
DA:3,6
DA:4,1
DA:5,1
DA:6,1
DA:8,0
DA:12,6
DA:13,2
DA:14,2
DA:15,1
DA:17,1
LF:11
LH:10
BRF:0
BRH:0
end_of_record
TN:
SF:src\controllers\authController.js
FN:3,(anonymous_0)
FN:19,(anonymous_1)
FNF:2
FNH:1
FNDA:0,(anonymous_0)
FNDA:6,(anonymous_1)
DA:1,6
DA:3,6
DA:4,0
DA:5,0
DA:6,0
DA:15,0
DA:19,6
DA:20,6
DA:21,6
DA:22,4
DA:32,2
LF:11
LH:7
BRF:0
BRH:0
end_of_record
TN:
SF:src\controllers\bookingController.js
FN:3,(anonymous_0)
FN:12,(anonymous_1)
FN:21,(anonymous_2)
FNF:3
FNH:2
FNDA:2,(anonymous_0)
FNDA:1,(anonymous_1)
FNDA:0,(anonymous_2)
DA:1,6
DA:3,6
DA:4,2
DA:5,2
DA:6,1
DA:8,1
DA:12,6
DA:13,1
DA:14,1
DA:15,1
DA:17,0
DA:21,6
DA:22,0
DA:23,0
DA:24,0
DA:26,0
LF:16
LH:11
BRF:0
BRH:0
end_of_record
TN:
SF:src\controllers\flightController.js
FN:3,(anonymous_0)
FN:12,(anonymous_1)
FN:21,(anonymous_2)
FN:30,(anonymous_3)
FNF:4
FNH:3
FNDA:1,(anonymous_0)
FNDA:1,(anonymous_1)
FNDA:1,(anonymous_2)
FNDA:0,(anonymous_3)
DA:1,6
DA:3,6
DA:4,1
DA:5,1
DA:6,1
DA:8,0
DA:12,6
DA:13,1
DA:14,1
DA:15,1
DA:17,0
DA:21,6
DA:22,1
DA:23,1
DA:24,1
DA:26,0
DA:30,6
DA:31,0
DA:32,0
DA:33,0
DA:35,0
LF:21
LH:14
BRF:0
BRH:0
end_of_record
TN:
SF:src\controllers\paymentController.js
FN:3,(anonymous_0)
FN:15,(anonymous_1)
FNF:2
FNH:2
FNDA:2,(anonymous_0)
FNDA:1,(anonymous_1)
DA:1,6
DA:3,6
DA:4,2
DA:5,2
DA:6,1
DA:11,1
DA:15,6
DA:16,1
DA:17,1
DA:18,1
DA:20,0
LF:11
LH:10
BRF:0
BRH:0
end_of_record
TN:
SF:src\middlewares\authMiddleware.js
FN:3,(anonymous_0)
FNF:1
FNH:1
FNDA:7,(anonymous_0)
DA:1,6
DA:3,6
DA:4,7
DA:6,7
DA:7,0
DA:10,7
DA:11,7
DA:12,7
DA:13,7
DA:15,0
DA:19,6
LF:11
LH:9
BRDA:6,0,0,0
BRDA:6,0,1,7
BRF:2
BRH:1
end_of_record
TN:
SF:src\middlewares\roleMiddleware.js
FN:1,(anonymous_0)
FNF:1
FNH:1
FNDA:1,(anonymous_0)
DA:1,6
DA:2,1
DA:3,1
DA:5,0
DA:9,6
LF:5
LH:4
BRDA:2,0,0,1
BRDA:2,0,1,0
BRDA:2,1,0,1
BRDA:2,1,1,1
BRF:4
BRH:3
end_of_record
TN:
SF:src\middlewares\validateFields.js
FN:3,(anonymous_0)
FNF:1
FNH:1
FNDA:7,(anonymous_0)
DA:1,6
DA:3,6
DA:4,7
DA:5,7
DA:6,1
DA:8,6
DA:11,6
LF:7
LH:7
BRDA:5,0,0,1
BRDA:5,0,1,6
BRF:2
BRH:2
end_of_record
TN:
SF:src\models\Airport.js
FNF:0
FNH:0
DA:1,6
DA:2,6
DA:4,6
DA:32,6
LF:4
LH:4
BRF:0
BRH:0
end_of_record
TN:
SF:src\models\Booking.js
FNF:0
FNH:0
DA:1,6
DA:2,6
DA:4,6
DA:46,6
LF:4
LH:4
BRF:0
BRH:0
end_of_record
TN:
SF:src\models\Flight.js
FNF:0
FNH:0
DA:1,6
DA:2,6
DA:4,6
DA:66,6
LF:4
LH:4
BRF:0
BRH:0
end_of_record
TN:
SF:src\models\Payment.js
FNF:0
FNH:0
DA:1,6
DA:2,6
DA:4,6
DA:43,6
LF:4
LH:4
BRF:0
BRH:0
end_of_record
TN:
SF:src\models\Role.js
FNF:0
FNH:0
DA:1,6
DA:2,6
DA:4,6
DA:20,6
LF:4
LH:4
BRF:0
BRH:0
end_of_record
TN:
SF:src\models\User.js
FNF:0
FNH:0
DA:1,6
DA:2,6
DA:4,6
DA:43,6
LF:4
LH:4
BRF:0
BRH:0
end_of_record
TN:
SF:src\models\index.js
FNF:0
FNH:0
DA:1,6
DA:2,6
DA:3,6
DA:4,6
DA:5,6
DA:6,6
DA:9,6
DA:10,6
DA:14,6
DA:15,6
DA:18,6
DA:19,6
DA:22,6
DA:23,6
DA:25,6
DA:26,6
DA:29,6
DA:30,6
DA:32,6
LF:19
LH:19
BRF:0
BRH:0
end_of_record
TN:
SF:src\routes\airportRoutes.js
FNF:0
FNH:0
DA:1,6
DA:2,6
DA:3,6
DA:5,6
DA:6,6
DA:8,6
LF:6
LH:6
BRF:0
BRH:0
end_of_record
TN:
SF:src\routes\authRoutes.js
FNF:0
FNH:0
DA:1,6
DA:2,6
DA:3,6
DA:4,6
DA:5,6
DA:8,6
DA:15,6
DA:21,6
DA:22,6
DA:24,6
LF:10
LH:10
BRF:0
BRH:0
end_of_record
TN:
SF:src\routes\bookingRoutes.js
FNF:0
FNH:0
DA:1,6
DA:2,6
DA:3,6
DA:4,6
DA:6,6
DA:8,6
DA:9,6
DA:10,6
DA:12,6
LF:9
LH:9
BRF:0
BRH:0
end_of_record
TN:
SF:src\routes\flightRoutes.js
FNF:0
FNH:0
DA:1,6
DA:2,6
DA:3,6
DA:4,6
DA:5,6
DA:7,6
DA:8,6
DA:11,6
DA:12,6
DA:14,6
LF:10
LH:10
BRF:0
BRH:0
end_of_record
TN:
SF:src\routes\paymentRoutes.js
FNF:0
FNH:0
DA:1,6
DA:2,6
DA:3,6
DA:4,6
DA:6,6
DA:8,6
DA:9,6
DA:11,6
LF:8
LH:8
BRF:0
BRH:0
end_of_record
TN:
SF:src\services\airportService.js
FN:4,(anonymous_0)
FN:8,(anonymous_1)
FNF:2
FNH:2
FNDA:1,(anonymous_0)
FNDA:2,(anonymous_1)
DA:1,6
DA:5,1
DA:9,2
DA:10,2
DA:11,1
DA:15,6
LF:6
LH:6
BRDA:10,0,0,1
BRDA:10,0,1,1
BRF:2
BRH:2
end_of_record
TN:
SF:src\services\authService.js
FN:6,(anonymous_0)
FN:23,(anonymous_1)
FNF:2
FNH:1
FNDA:0,(anonymous_0)
FNDA:6,(anonymous_1)
DA:1,6
DA:2,6
DA:3,6
DA:7,0
DA:9,0
DA:10,0
DA:12,0
DA:14,0
DA:24,6
DA:29,6
DA:31,5
DA:32,5
DA:34,4
DA:40,4
DA:44,6
LF:15
LH:10
BRDA:10,0,0,0
BRDA:10,0,1,0
BRDA:18,1,0,0
BRDA:18,1,1,0
BRDA:29,2,0,1
BRDA:29,2,1,5
BRDA:32,3,0,1
BRDA:32,3,1,4
BRF:8
BRH:4
end_of_record
TN:
SF:src\services\bookingService.js
FN:5,(anonymous_0)
FN:36,(anonymous_1)
FN:52,(anonymous_2)
FNF:3
FNH:2
FNDA:2,(anonymous_0)
FNDA:1,(anonymous_1)
FNDA:0,(anonymous_2)
DA:1,6
DA:2,6
DA:6,2
DA:7,2
DA:8,2
DA:10,2
DA:11,2
DA:13,2
DA:14,1
DA:17,1
DA:24,1
DA:28,1
DA:29,1
DA:31,1
DA:32,1
DA:37,1
DA:53,0
DA:54,0
DA:55,0
DA:56,0
DA:57,0
DA:59,0
DA:60,0
DA:64,0
DA:66,0
DA:67,0
DA:69,0
DA:70,0
DA:75,6
LF:29
LH:17
BRDA:11,0,0,0
BRDA:11,0,1,2
BRDA:13,1,0,1
BRDA:13,1,1,1
BRDA:56,2,0,0
BRDA:56,2,1,0
BRDA:57,3,0,0
BRDA:57,3,1,0
BRF:8
BRH:3
end_of_record
TN:
SF:src\services\flightService.js
FN:5,(anonymous_0)
FN:27,(anonymous_1)
FN:38,(anonymous_2)
FN:42,(anonymous_3)
FNF:4
FNH:3
FNDA:1,(anonymous_0)
FNDA:1,(anonymous_1)
FNDA:1,(anonymous_2)
FNDA:0,(anonymous_3)
DA:1,6
DA:2,6
DA:6,1
DA:7,1
DA:9,1
DA:10,1
DA:11,1
DA:12,0
DA:18,1
DA:28,1
DA:34,1
DA:35,1
DA:39,1
DA:43,0
DA:44,0
DA:48,6
LF:16
LH:13
BRDA:5,0,0,0
BRDA:9,1,0,0
BRDA:9,1,1,1
BRDA:10,2,0,0
BRDA:10,2,1,1
BRDA:11,3,0,0
BRDA:11,3,1,1
BRDA:34,4,0,0
BRDA:34,4,1,1
BRF:9
BRH:4
end_of_record
TN:
SF:src\services\paymentService.js
FN:4,(anonymous_0)
FN:23,(anonymous_1)
FNF:2
FNH:2
FNDA:2,(anonymous_0)
FNDA:1,(anonymous_1)
DA:1,6
DA:5,2
DA:7,2
DA:8,2
DA:10,1
DA:18,1
DA:20,1
DA:24,1
DA:25,1
DA:26,1
DA:30,6
LF:11
LH:11
BRDA:8,0,0,1
BRDA:8,0,1,1
BRDA:25,1,0,0
BRDA:25,1,1,1
BRF:4
BRH:3
end_of_record
